excel
  delimiter        ','
  doublequote      'True'
  escapechar       'None'
  lineterminator   '\r\n'
  quotechar        '"'
  quoting          '0'
  skipinitialspace 'False'
  strict           'False'
excel-tab
  delimiter        '\t'
  doublequote      'True'
  escapechar       'None'
  lineterminator   '\r\n'
  quotechar        '"'
  quoting          '0'
  skipinitialspace 'False'
  strict           'False'
unix
  delimiter        ','
  doublequote      'True'
  escapechar       'None'
  lineterminator   '
'
  quotechar        '"'
  quoting          '1'
  skipinitialspace 'False'
  strict           'False'
