ASN1_default_codec = None
AS_resolver = None
BTsocket   = None
L2listen   = None
L2socket   = None
L3socket   = None
L3socket6  = None
USBsocket  = None
auto_crop_tables = True
auto_fragment = True
bufsize    = 65536
cache_iflist = {}
checkIPID  = False
checkIPaddr = True
checkIPinIP = True
checkIPsrc = True
check_TCPerror_seqack = False
color_theme = <NoTheme>
commands   = 
contribs   = {}
crypto_valid = True
crypto_valid_advanced = True
debug_dissector = False
debug_match = False
debug_tls  = False
default_l2 = None
dot15d4_protocol = None
emph       = <Emphasize []>
except_filter = ''
extensions_paths = '.'
fancy_prompt = True
filter     = ''
geoip_city = None
histfile   = '/home/gabor/.scapy_history'
iface      = None
interactive = False
interactive_shell = ''
ipv6_enabled = True
l2types    = 
l3types    = 
layers     = 
load_layers = ['bluetooth', 'bluetooth4LE', 'dhcp', 'dhcp6', 'dns', 'dot11',...
logLevel   = 30
loopback_name = 'lo'
mib        = None
min_pkt_size = 60
netcache   = 
noenum     = <Resolve []>
padding    = 1
prog       = display = 'display' dot = 'dot' hexedit = 'hexer' ifconfig = 'i...
promisc    = True
prompt     = '>>> '
raise_no_dst_mac = False
raw_layer  = None
raw_summary = False
recv_poll_rate = 0.05
resolve    = <Resolve []>
route      = None
route6     = None
session    = ''
sniff_promisc = 1
stats_classic_protocols = []
stats_dot11_protocols = []
stealth    = 'not implemented'
temp_files = []
use_bpf    = False
use_npcap  = False
use_pcap   = False
use_pypy   = False
verb       = 2
version    = '2.4.4'
warning_threshold = 5
wepkey     = ''
