<html>
<head><title>Scientific Calculator</title></head>
<body>
<h2>Basic Calculator</h2>

<form method="GET">
<table>
<tr><td>Value:</td><td><input name="a" ></td></tr>
<tr><td>Value:</td><td><input name="b"  ></td></tr>
<tr><td></td><td><input name="submit" type="submit" value="Add"></td></tr>
</table>
</form>

<form method="GET">
<table>
<tr><td>Value:</td><td><input name="c" value="" ></td></tr>
<tr><td>Value:</td><td><input name="d" value="" ></td></tr>
<tr><td></td><td><input name="submit" type="submit" value="Multiply"></td></tr>
</table>
</form>



</body>
</html>

