123
123
678

$VAR1 = {
          'name' => {
                      'Bar' => 456,
                      'Foo' => 123
                    },
          'phone' => {
                       'Baz' => 678
                     }
        };
$VAR2 = {
          'name' => $VAR1->{'name'},
          'phone' => {}
        };
999
999
$VAR1 = {
          'name' => {
                      'Bar' => 456,
                      'Foo' => 999
                    },
          'phone' => {
                       'Baz' => 678
                     }
        };
$VAR2 = {
          'name' => $VAR1->{'name'},
          'phone' => {}
        };
