0       0.055000
1       0.815000
2       1.000000
3       0.107000
4       0.000150
5     318.000000
6      95.000000
7      14.000000
8      17.000000
9       0.002180
10      0.000254
Name: Mass, dtype: float64

0     Mercury
1       Venus
2       Earth
3        Mars
4       Ceres
5     Jupiter
6      Saturn
7      Uranus
8     Neptune
9       Pluto
10     Charon
Name: Planet name, dtype: object

  Planet name  Distance (AU)     Mass
2       Earth           1.00  1.00000
3        Mars           1.50  0.10700
4       Ceres           2.77  0.00015

   Distance (AU) Planet name
3           1.50        Mars
4           2.77       Ceres
5           5.20     Jupiter

