Start dishwasher for 3 seconds
Start washing machine for 3 seconds
Start boiling water for 4 seconds
Start cleaning potatoes for 14 pieces
Cleaning potato 0
Cleaning potato 1
Cleaning potato 2
Cleaning potato 3
Cleaning potato 4
Cleaning potato 5
End dishwasher for 3 seconds
End washing machine for 3 seconds
Start dryer for 3 seconds
Cleaning potato 6
Cleaning potato 7
End boiling water for 4 seconds
Cleaning potato 8
Cleaning potato 9
Cleaning potato 10
Cleaning potato 11
End dryer for 3 seconds
Cleaning potato 12
Cleaning potato 13
End cleaning potatoes for 14 pieces
Elapsed 7.02296781539917
